<?xml version="1.0" encoding="UTF-8"?>
<testng-results ignored="0" total="1" passed="1" failed="0" skipped="0">
  <reporter-output>
  </reporter-output>
  <suite started-at="2020-07-20T16:26:43 IST" name="SampleSuite" finished-at="2020-07-20T16:26:50 IST" duration-ms="7323">
    <groups>
    </groups>
    <test started-at="2020-07-20T16:26:43 IST" name="SampleTest" finished-at="2020-07-20T16:26:50 IST" duration-ms="7323">
      <class name="com.selenium.practice.TestSelenium">
        <test-method signature="testing()[pri:0, instance:com.selenium.practice.TestSelenium@762ef0ea]" started-at="2020-07-20T16:26:43 IST" name="testing" finished-at="2020-07-20T16:26:50 IST" duration-ms="7265" status="PASS">
          <reporter-output>
          </reporter-output>
        </test-method> <!-- testing -->
      </class> <!-- com.selenium.practice.TestSelenium -->
    </test> <!-- SampleTest -->
  </suite> <!-- SampleSuite -->
</testng-results>
